W20260627 14:26:13.123256 128506677620864 agent.cpp:638] sysfs nodes path '/sys/class/kfd/kfd/topology/nodes' does not exist
Loading checkpoint shards:   0%|          | 0/5 [00:00<?, ?it/s]Loading checkpoint shards:  20%|██        | 1/5 [00:06<00:25,  6.47s/it]Loading checkpoint shards:  40%|████      | 2/5 [00:11<00:16,  5.61s/it]Loading checkpoint shards:  60%|██████    | 3/5 [00:15<00:10,  5.09s/it]Loading checkpoint shards:  80%|████████  | 4/5 [00:19<00:04,  4.44s/it]Loading checkpoint shards: 100%|██████████| 5/5 [00:20<00:00,  3.29s/it]Loading checkpoint shards: 100%|██████████| 5/5 [00:20<00:00,  4.13s/it]
/home/jun/comfy-rocm/lib/python3.12/site-packages/transformers/integrations/sdpa_attention.py:96: UserWarning: Flash Efficient attention on Current AMD GPU is still experimental. Enable it with TORCH_ROCM_AOTRITON_ENABLE_EXPERIMENTAL=1. (Triggered internally at /__w/TheRock/TheRock/external-builds/pytorch/pytorch/aten/src/ATen/native/transformers/hip/sdp_utils.cpp:323.)
  attn_output = torch.nn.functional.scaled_dot_product_attention(
/home/jun/comfy-rocm/lib/python3.12/site-packages/transformers/integrations/sdpa_attention.py:96: UserWarning: Mem Efficient attention on Current AMD GPU is still experimental. Enable it with TORCH_ROCM_AOTRITON_ENABLE_EXPERIMENTAL=1. (Triggered internally at /__w/TheRock/TheRock/external-builds/pytorch/pytorch/aten/src/ATen/native/transformers/hip/sdp_utils.cpp:383.)
  attn_output = torch.nn.functional.scaled_dot_product_attention(
100 instances x 7 conditions = 700 generations
resume: 181 generations already done, skipping those
[1/100] 佟湘玉  (trunc so far=0)
[2/100] 白展堂  (trunc so far=0)
[3/100] 郭芙蓉  (trunc so far=0)
[4/100] 曾小贤  (trunc so far=0)
[5/100] 吕子乔  (trunc so far=0)
[6/100] 吕秀才  (trunc so far=0)
[7/100] 傅红雪  (trunc so far=0)
[8/100] 孙悟空  (trunc so far=0)
[9/100] 徐凤年  (trunc so far=0)
[10/100] 祝无双  (trunc so far=0)
[11/100] 陆展博  (trunc so far=0)
[12/100] 许沁  (trunc so far=0)
[13/100] 关宏宇  (trunc so far=0)
[14/100] 萧炎  (trunc so far=0)
[15/100] 贾宝玉  (trunc so far=0)
[16/100] 花千骨  (trunc so far=0)
[17/100] 陈美嘉  (trunc so far=0)
[18/100] 杨过  (trunc so far=0)
[19/100] 胡一菲  (trunc so far=0)
[20/100] 梅长苏  (trunc so far=0)
[21/100] 关宏峰  (trunc so far=0)
[22/100] 朱朝阳  (trunc so far=0)
[23/100] 罗辑  (trunc so far=0)
[24/100] 宋焰  (trunc so far=0)
[25/100] 关谷神奇  (trunc so far=0)
[26/100] 甄嬛  (trunc so far=0)
[27/100] 安欣  (trunc so far=0)
[28/100] 景天  (trunc so far=0)
[29/100] 明月心  (trunc so far=0)
[30/100] 猪八戒  (trunc so far=1)
[31/100] 白子画  (trunc so far=1)
[32/100] 药老  (trunc so far=2)
[33/100] 燕南飞  (trunc so far=2)
[34/100] 张伟  (trunc so far=2)
[35/100] 唐三藏  (trunc so far=2)
[36/100] 高启强  (trunc so far=2)
[37/100] 小龙女  (trunc so far=2)
[38/100] 侯亮平  (trunc so far=2)
[39/100] 雪见  (trunc so far=2)
[40/100] 普普  (trunc so far=2)
[41/100] 高育良  (trunc so far=2)
[42/100] 张东升  (trunc so far=2)
[43/100] 史强  (trunc so far=2)
[44/100] 唐悠悠  (trunc so far=2)
[45/100] 郭襄  (trunc so far=4)
[46/100] 许红豆  (trunc so far=4)
[47/100] 武松  (trunc so far=4)
[48/100] 龙葵  (trunc so far=4)
[49/100] 洛枳  (trunc so far=4)
[50/100] 宋江  (trunc so far=5)
[51/100] 李达康  (trunc so far=5)
[52/100] 公子羽  (trunc so far=5)
[53/100] 飞流  (trunc so far=5)
[54/100] 柯景腾  (trunc so far=5)
[55/100] 雅妃  (trunc so far=5)
[56/100] 徐江  (trunc so far=6)
[57/100] 祁同伟  (trunc so far=6)
[58/100] 安陵容  (trunc so far=6)
[59/100] 顾里  (trunc so far=6)
[60/100] 薰儿  (trunc so far=6)
[61/100] 李逵  (trunc so far=6)
[62/100] 孟宴臣  (trunc so far=6)
[63/100] 沈佳仪  (trunc so far=6)
[64/100] 李云龙  (trunc so far=6)
[65/100] 老默  (trunc so far=6)
[66/100] 重楼  (trunc so far=6)
[67/100] 吴用  (trunc so far=6)
[68/100] 谢之遥  (trunc so far=6)
[69/100] 林萧  (trunc so far=6)
[70/100] 盛淮南  (trunc so far=6)
[71/100] 华妃  (trunc so far=6)
[72/100] 长卿  (trunc so far=6)
[73/100] 紫萱  (trunc so far=6)
[74/100] 美杜莎女王  (trunc so far=6)
[75/100] 顾源  (trunc so far=6)
[76/100] 唐宛如  (trunc so far=6)
[77/100] 佟湘玉  (trunc so far=7)
[78/100] 白展堂  (trunc so far=7)
[79/100] 郭芙蓉  (trunc so far=7)
[80/100] 曾小贤  (trunc so far=7)
[81/100] 吕子乔  (trunc so far=7)
[82/100] 吕秀才  (trunc so far=7)
[83/100] 傅红雪  (trunc so far=7)
[84/100] 孙悟空  (trunc so far=7)
[85/100] 徐凤年  (trunc so far=7)
[86/100] 祝无双  (trunc so far=7)
[87/100] 陆展博  (trunc so far=7)
[88/100] 许沁  (trunc so far=8)
[89/100] 关宏宇  (trunc so far=8)
[90/100] 萧炎  (trunc so far=8)
[91/100] 贾宝玉  (trunc so far=8)
[92/100] 花千骨  (trunc so far=8)
[93/100] 杨过  (trunc so far=8)
[94/100] 胡一菲  (trunc so far=9)
[95/100] 梅长苏  (trunc so far=9)
[96/100] 关宏峰  (trunc so far=9)
[97/100] 朱朝阳  (trunc so far=9)
[98/100] 罗辑  (trunc so far=9)
[99/100] 宋焰  (trunc so far=9)
[100/100] 关谷神奇  (trunc so far=9)
wrote /home/jun/mdrp-repro/generations_clean.jsonl | truncated: 9
